2021-05-08 17:10:18,441 [      0]   INFO -        #com.intellij.idea.Main - ------------------------------------------------------ IDE STARTED ------------------------------------------------------ 
2021-05-08 17:10:18,767 [    326]   INFO - llij.ide.gdpr.EndUserAgreement - euaCommunity: /home/donaldo/.local/share/JetBrains/PrivacyPolicy/euaCommunity.cached 
2021-05-08 17:10:18,989 [    548]   INFO -        #com.intellij.idea.Main - IDE: IntelliJ IDEA (build #IC-211.6693.111, 06 Apr 2021 13:11) 
2021-05-08 17:10:19,012 [    571]   INFO -        #com.intellij.idea.Main - OS: Linux (4.19.0-16-amd64, amd64) 
2021-05-08 17:10:19,119 [    678]   INFO -        #com.intellij.idea.Main - JRE: 11.0.10+9-b1341.35 (JetBrains s.r.o.) 
2021-05-08 17:10:19,121 [    680]   INFO -        #com.intellij.idea.Main - JVM: 11.0.10+9-b1341.35 (OpenJDK 64-Bit Server VM) 
2021-05-08 17:10:19,211 [    770]   INFO -        #com.intellij.idea.Main - JVM Args: -Didea.auto.reload.plugins=true -Didea.classpath.index.enabled=false -Didea.config.path=/home/donaldo/IdeaProjects/Custom Language/build/idea-sandbox/config -Didea.is.internal=true -Didea.platform.prefix=Idea -Didea.plugins.path=/home/donaldo/IdeaProjects/Custom Language/build/idea-sandbox/plugins -Didea.required.plugins.id=jetbrains.language.Custom Language -Didea.system.path=/home/donaldo/IdeaProjects/Custom Language/build/idea-sandbox/system -Dsun.awt.disablegrab=true -Xms256m -Xmx512m -Dfile.encoding=UTF-8 -Duser.country=US -Duser.language=en -Duser.variant -ea 
2021-05-08 17:10:19,214 [    773]   INFO -        #com.intellij.idea.Main - library path: /usr/java/packages/lib:/usr/lib64:/lib64:/lib:/usr/lib 
2021-05-08 17:10:19,215 [    774]   INFO -        #com.intellij.idea.Main - boot library path: /home/donaldo/.gradle/caches/modules-2/files-2.1/com.jetbrains/jbre/jbr_jcef-11_0_10-linux-x64-b1341.35/jbr/lib 
2021-05-08 17:10:19,483 [   1042]   INFO -        #com.intellij.idea.Main - locale=en_US JNU=UTF-8 file.encoding=UTF-8
  idea.config.path=/home/donaldo/IdeaProjects/Custom Language/build/idea-sandbox/config
  idea.system.path=/home/donaldo/IdeaProjects/Custom Language/build/idea-sandbox/system
  idea.plugins.path=/home/donaldo/IdeaProjects/Custom Language/build/idea-sandbox/plugins
  idea.log.path=/home/donaldo/IdeaProjects/Custom Language/build/idea-sandbox/system/log 
2021-05-08 17:10:20,271 [   1830]   INFO -        #com.intellij.idea.Main - JNA library (64-bit) loaded in 555 ms 
2021-05-08 17:10:24,847 [   6406]   INFO - llij.ide.plugins.PluginManager - Plugin PluginDescriptor(name=Groovy, id=org.intellij.groovy, descriptorPath=plugin.xml, path=~/.gradle/caches/modules-2/files-2.1/com.jetbrains.intellij.idea/ideaIC/2021.1/a810cecccb23abd2dbe737c1353af97b9a2ecb7f/ideaIC-2021.1/plugins/Groovy, version=211.6693.111, package=org.jetbrains.plugins.groovy) misses optional descriptor duplicates-groovy.xml 
2021-05-08 17:10:24,848 [   6407]   INFO - llij.ide.plugins.PluginManager - Plugin PluginDescriptor(name=Groovy, id=org.intellij.groovy, descriptorPath=plugin.xml, path=~/.gradle/caches/modules-2/files-2.1/com.jetbrains.intellij.idea/ideaIC/2021.1/a810cecccb23abd2dbe737c1353af97b9a2ecb7f/ideaIC-2021.1/plugins/Groovy, version=211.6693.111, package=org.jetbrains.plugins.groovy) misses optional descriptor duplicates-detection-groovy.xml 
2021-05-08 17:10:27,295 [   8854]   INFO - llij.ide.plugins.PluginManager - Plugin PluginDescriptor(name=Java, id=com.intellij.java, descriptorPath=plugin.xml, path=~/.gradle/caches/modules-2/files-2.1/com.jetbrains.intellij.idea/ideaIC/2021.1/a810cecccb23abd2dbe737c1353af97b9a2ecb7f/ideaIC-2021.1/plugins/java, version=211.6693.111, package=null) misses optional descriptor profiler-java.xml 
2021-05-08 17:11:01,833 [  43392]   INFO -        #com.intellij.idea.Main - CPU cores: 4; ForkJoinPool.commonPool: java.util.concurrent.ForkJoinPool@c8d05be[Running, parallelism = 3, size = 0, active = 0, running = 0, steals = 0, tasks = 0, submissions = 0]; factory: com.intellij.concurrency.IdeaForkJoinWorkerThreadFactory@481e0102 
2021-05-08 17:11:02,036 [  43595]   INFO -        #com.intellij.idea.Main - WM detected: KWin 
2021-05-08 17:12:20,034 [ 121593]   INFO -                         STDERR - May 08, 2021 5:12:19 PM java.util.prefs.FileSystemPreferences$6 run 
2021-05-08 17:12:20,034 [ 121593]   INFO -                         STDERR - WARNING: Prefs file removed in background /home/donaldo/.java/.userPrefs/jetbrains/jetprofile/asset/prefs.xml 
2021-05-08 17:12:20,344 [ 121903]   INFO - llij.ide.plugins.PluginManager - Loaded bundled plugins: IDEA CORE (211.6693.111), Dependency Management Api for External Build Tools (211.6693.111), com.intellij.platform.images (211.6693.111), JetBrains maven model api classes (211.6693.111), JetBrains Repository Search (211.6693.111), Perforce Helix Core (211.6693.111), Subversion (211.6693.111), XPathView + XSLT (211.6693.111), XSLT Debugger (211.6693.111), Smali Support (211.6693.111), Machine Learning Code Completion (211.6693.111), Configuration Script (211.6693.111), Copyright (211.6693.111), macOS Light Theme (211.6693.111), Windows 10 Light Theme (211.6693.111), JetBrains Marketplace (211.6693.111), Properties (211.6693.111), Gradle (211.6693.111), Resource Bundle Editor (211.6693.111), Mercurial (211.6693.111), WebP Support (211.6693.111), EditorConfig (211.6693.111), Emoji Picker (211.6693.111), Terminal (211.6693.111), Git (211.6693.111), ChangeReminder (211.6693.111), Shell Script (211.6693.111), TextMate Bundles (211.6693.111), YAML (211.6693.111), Settings Repository (211.6693.111), IDE Features Trainer (211.6693.111), Java (211.6693.111), Ant (211.6693.111), Bytecode Viewer (211.6693.111), JUnit (211.6693.111), Lombok (211.6693.111), Shared Indexes (211.6693.111), Java Internationalization (211.6693.111), UI Designer (211.6693.111), Java IDE Customization (211.6693.111), Java Stream Debugger (211.6693.111), Eclipse Interoperability (211.6693.111), Java Bytecode Decompiler (211.6693.111), JavaFX (211.6693.111), Task Management (211.6693.111), GitHub (211.6693.111), Code With Me (211.6693.111), Next File Prediction (211.6693.111), IntelliLang (211.6693.111), TestNG (211.6693.111), Code Coverage for Java (211.6693.111), Groovy (211.6693.111), Maven (211.6693.111), Gradle-Java (211.6693.111), Plugin DevKit (211.6693.111), Gradle-Maven (211.6693.111), Kotlin (211-1.4.32-release-IJ6693.72), Space (211.6693.111), Gradle DSL API (211.6693.111), Android (10.4.1.1.211.6693.111), Gradle Dependency Updater Implementation (211.6693.111), Markdown (211.6693.111), Grazie (211.6693.111) 
2021-05-08 17:12:20,345 [ 121904]   INFO - llij.ide.plugins.PluginManager - Loaded custom plugins: TTML (1.0-SNAPSHOT) 
2021-05-08 17:12:22,392 [ 123951]   INFO - intellij.diagnostic.JitWatcher - JIT compilation state checking enabled 
2021-05-08 17:12:22,467 [ 124026]   INFO - m.intellij.util.io.StorageLock - lower=100; upper=492; buffer=10; max=492 
2021-05-08 17:12:22,590 [ 124149]   INFO - tellij.util.io.FileChannelUtil - uninterruptible FileChannels will be used for indexes 
2021-05-08 17:12:23,293 [ 124852]   INFO - til.net.ssl.CertificateManager - Default SSL context initialized 
2021-05-08 17:12:23,410 [ 124969]   INFO - rsistent.PersistentFSConnector - Marking VFS as corrupted: '/home/donaldo/IdeaProjects/Custom Language/build/idea-sandbox/system/caches/names.dat' does not exist 
2021-05-08 17:12:23,625 [ 125184]   WARN - j.internal.DebugAttachDetector - Unable to start DebugAttachDetector, please add `--add-exports java.base/jdk.internal.vm=ALL-UNNAMED` to VM options 
2021-05-08 17:12:24,176 [ 125735]   INFO - .history.utils.LocalHistoryLog - local history version mismatch (was: 0, expected: 6), rebuilding... 
2021-05-08 17:12:24,177 [ 125736]   INFO - .history.utils.LocalHistoryLog - FS has been rebuild, rebuilding local history... 
2021-05-08 17:12:24,762 [ 126321]   INFO - rains.ide.BuiltInServerManager - built-in server started, port 63343 
2021-05-08 17:12:26,927 [ 128486]   INFO - ication.options.PathMacrosImpl - Loaded path macros: {MAVEN_REPOSITORY=/home/donaldo/.m2/repository, KOTLIN_BUNDLED=/home/donaldo/.gradle/caches/modules-2/files-2.1/com.jetbrains.intellij.idea/ideaIC/2021.1/a810cecccb23abd2dbe737c1353af97b9a2ecb7f/ideaIC-2021.1/plugins/Kotlin/kotlinc} 
2021-05-08 17:12:28,446 [ 130005]   INFO - pl.local.NativeFileWatcherImpl - Starting file watcher: /home/donaldo/.gradle/caches/modules-2/files-2.1/com.jetbrains.intellij.idea/ideaIC/2021.1/a810cecccb23abd2dbe737c1353af97b9a2ecb7f/ideaIC-2021.1/bin/linux/fsnotifier64 
2021-05-08 17:12:28,787 [ 130346]   INFO - gs.impl.UpdateCheckerComponent - channel: release 
2021-05-08 17:12:28,983 [ 130542]   INFO - pl.local.NativeFileWatcherImpl - Native file watcher is operational. 
2021-05-08 17:12:29,664 [ 131223]   INFO - penapi.application.Experiments - Experimental features enabled for user: wsl.p9.support, wsl.prefer.p9.support, wsl.p9.show.roots.in.file.chooser, wsl.execute.with.wsl.exe, inline.browse.button, linux.native.menu, recent.and.edited.files.together, show.create.new.element.in.popup, search.everywhere.mixed.results, i18n.match.actions, editor.reader.mode, edit.run.configurations.while.dumb, new.large.text.file.viewer, terminal.shell.command.handling, property.value.inplace.editing 
2021-05-08 17:12:34,249 [ 135808]   INFO - impl.SharedIndexInfrastructure - Shared index version updated from -1 to 7 
2021-05-08 17:12:34,253 [ 135812]   INFO - impl.SharedIndexInfrastructure - Shared index persistent data has been cleared 
2021-05-08 17:12:34,439 [ 135998]   INFO - impl.SharedIndexMainZipStorage - Shared Indexes Storage is opened: <empty>, chunks: [] 
2021-05-08 17:12:34,462 [ 136021]   INFO - stubs.SerializationManagerImpl - Name storage is repaired 
2021-05-08 17:12:34,635 [ 136194]   INFO - impl.SharedIndexInfrastructure - Shared index persistent data has been cleared 
2021-05-08 17:12:35,432 [ 136991]   INFO - penapi.wm.impl.GlobalMenuLinux - can't start main loop via JavaFX (will run it manually): com.sun.javafx.application.PlatformImpl 
2021-05-08 17:12:38,642 [ 140201]   WARN - arketplace.MarketplaceRequests - Error reading Marketplace file: url=https://plugins.jetbrains.com/files/pluginsXMLIds.json file=pluginsXMLIds.json 
com.fasterxml.jackson.databind.JsonMappingException: Unexpected end-of-input: was expecting closing quote for a string value
 at [Source: (BufferedReader); line: 1, column: 64947] (through reference chain: java.util.ArrayList[2528])
	at com.fasterxml.jackson.databind.JsonMappingException.wrapWithPath(JsonMappingException.java:390)
	at com.fasterxml.jackson.databind.JsonMappingException.wrapWithPath(JsonMappingException.java:361)
	at com.fasterxml.jackson.databind.deser.std.StringCollectionDeserializer.deserialize(StringCollectionDeserializer.java:221)
	at com.fasterxml.jackson.databind.deser.std.StringCollectionDeserializer.deserialize(StringCollectionDeserializer.java:182)
	at com.fasterxml.jackson.databind.deser.std.StringCollectionDeserializer.deserialize(StringCollectionDeserializer.java:25)
	at com.fasterxml.jackson.databind.deser.DefaultDeserializationContext.readRootValue(DefaultDeserializationContext.java:322)
	at com.fasterxml.jackson.databind.ObjectMapper._readMapAndClose(ObjectMapper.java:4591)
	at com.fasterxml.jackson.databind.ObjectMapper.readValue(ObjectMapper.java:3567)
	at com.intellij.ide.plugins.marketplace.MarketplaceRequests.parseXmlIds(MarketplaceRequests.kt:373)
	at com.intellij.ide.plugins.marketplace.MarketplaceRequests.access$parseXmlIds(MarketplaceRequests.kt:39)
	at com.intellij.ide.plugins.marketplace.MarketplaceRequests$getMarketplacePlugins$1.invoke(MarketplaceRequests.kt:129)
	at com.intellij.ide.plugins.marketplace.MarketplaceRequests$getMarketplacePlugins$1.invoke(MarketplaceRequests.kt:39)
	at com.intellij.ide.plugins.marketplace.MarketplaceRequests$readOrUpdateFile$2.process(MarketplaceRequests.kt:282)
	at com.intellij.util.io.HttpRequests.doProcess(HttpRequests.java:531)
	at com.intellij.util.io.HttpRequests.process(HttpRequests.java:513)
	at com.intellij.util.io.HttpRequests$RequestBuilderImpl.connect(HttpRequests.java:332)
	at com.intellij.ide.plugins.marketplace.MarketplaceRequests.readOrUpdateFile(MarketplaceRequests.kt:262)
	at com.intellij.ide.plugins.marketplace.MarketplaceRequests.getMarketplacePlugins(MarketplaceRequests.kt:124)
	at com.intellij.openapi.updateSettings.impl.UpdateChecker.validateCompatibleUpdatesForCurrentPlugins(UpdateChecker.kt:377)
	at com.intellij.openapi.updateSettings.impl.UpdateChecker.checkPluginsUpdate(UpdateChecker.kt:287)
	at com.intellij.openapi.updateSettings.impl.UpdateChecker.checkPluginsUpdate$default(UpdateChecker.kt:265)
	at com.intellij.openapi.updateSettings.impl.UpdateChecker.checkPluginsUpdate(UpdateChecker.kt)
	at com.intellij.ide.plugins.newui.PluginUpdatesService.lambda$calculateUpdates$3(PluginUpdatesService.java:202)
	at com.intellij.util.concurrency.BoundedTaskExecutor.doRun(BoundedTaskExecutor.java:216)
	at com.intellij.util.concurrency.BoundedTaskExecutor.access$200(BoundedTaskExecutor.java:27)
	at com.intellij.util.concurrency.BoundedTaskExecutor$1.execute(BoundedTaskExecutor.java:195)
	at com.intellij.util.concurrency.BoundedTaskExecutor$1.run(BoundedTaskExecutor.java:187)
	at java.base/java.util.concurrent.ThreadPoolExecutor.runWorker(ThreadPoolExecutor.java:1128)
	at java.base/java.util.concurrent.ThreadPoolExecutor$Worker.run(ThreadPoolExecutor.java:628)
	at java.base/java.util.concurrent.Executors$PrivilegedThreadFactory$1$1.run(Executors.java:668)
	at java.base/java.util.concurrent.Executors$PrivilegedThreadFactory$1$1.run(Executors.java:665)
	at java.base/java.security.AccessController.doPrivileged(Native Method)
	at java.base/java.util.concurrent.Executors$PrivilegedThreadFactory$1.run(Executors.java:665)
	at java.base/java.lang.Thread.run(Thread.java:834)
Caused by: com.fasterxml.jackson.core.io.JsonEOFException: Unexpected end-of-input: was expecting closing quote for a string value
 at [Source: (BufferedReader); line: 1, column: 64947]
	at com.fasterxml.jackson.core.base.ParserMinimalBase._reportInvalidEOF(ParserMinimalBase.java:662)
	at com.fasterxml.jackson.core.json.ReaderBasedJsonParser._finishString2(ReaderBasedJsonParser.java:2087)
	at com.fasterxml.jackson.core.json.ReaderBasedJsonParser._finishString(ReaderBasedJsonParser.java:2074)
	at com.fasterxml.jackson.core.json.ReaderBasedJsonParser.getText(ReaderBasedJsonParser.java:299)
	at com.fasterxml.jackson.core.json.ReaderBasedJsonParser.nextTextValue(ReaderBasedJsonParser.java:1197)
	at com.fasterxml.jackson.databind.deser.std.StringCollectionDeserializer.deserialize(StringCollectionDeserializer.java:201)
	... 31 more
2021-05-08 17:12:38,912 [ 140471]   INFO - ateSettings.impl.UpdateChecker - failed to load plugin descriptions from default repository: Unexpected end-of-input: was expecting closing quote for a string value
 at [Source: (BufferedReader); line: 1, column: 64947] (through reference chain: java.util.ArrayList[2528]) 
2021-05-08 17:12:39,631 [ 141190]   WARN - .diagnostic.PerformanceWatcher - UI was frozen for 12102ms, details saved to /home/donaldo/IdeaProjects/Custom Language/build/idea-sandbox/system/log/threadDumps-freeze-20210508-171232-IC-211.6693.111-12sec 
2021-05-08 17:12:43,555 [ 145114]   INFO - il.indexing.FileBasedIndexImpl - Indexes to be rebuilt after corruption:FilenameIndex(v = 3),FrameworkDetectionIndex(v = 65536),TodoIndex(v = 4107),IdIndex(v = 4113),filetypes(v = 3),Stubs(v = 46),Trigram.Index(v = 4099),fileIncludes(v = 6),DomFileIndex(v = 0),RelaxSymbolIndex(v = 0),XmlTagNames(v = 1),XmlNamespaces(v = 8),html5.custom.attributes.index(v = 1),SchemaTypeInheritance(v = 2),json.file.root.values(v = 5),XsltSymbolIndex(v = 0),xmlProperties(v = 2),editorconfig.index.name(v = 5),yaml.keys.name(v = 1),bytecodeAnalysis(v = 4107),java.auto.module.name(v = 5),java.source.module.name(v = 3),java.null.method.argument(v = 4097),java.fun.expression(v = 4102),java.binary.plus.expression(v = 4100),ant-imports(v = 5),LombokConfigIndex(v = 11),com.intellij.uiDesigner.FormClassIndex(v = 0),JavaFxControllerClassIndex(v = 1),javafx.id.name(v = 3),javafx.custom.component(v = 2),groovy.trait.fields(v = 5),groovy.trait.methods(v = 32),IdeaPluginRegistrationIndex(v = 3),PluginIdModuleIndex(v = 2),PluginIdDependenciesIndex(v = 2),devkit.ExtensionPointIndex(v = 0),devkit.ExtensionPointClassIndex(v = 1),org.jetbrains.kotlin.idea.versions.KotlinJvmMetadataVersionIndex(v = 5),org.jetbrains.kotlin.idea.versions.KotlinJsMetadataVersionIndex(v = 3),org.jetbrains.kotlin.idea.vfilefinder.KotlinClassFileIndex(v = 3),org.jetbrains.kotlin.idea.vfilefinder.KotlinJavaScriptMetaFileIndex(v = 4),org.jetbrains.kotlin.idea.vfilefinder.KotlinMetadataFileIndex(v = 1),org.jetbrains.kotlin.idea.vfilefinder.KotlinMetadataFilePackageIndex(v = 1),org.jetbrains.kotlin.idea.vfilefinder.KotlinModuleMappingIndex(v = 5),org.jetbrains.kotlin.idea.vfilefinder.KotlinPackageSourcesMemberNamesIndex(v = 2),org.jetbrains.kotlin.idea.vfilefinder.KotlinJvmModuleAnnotationsIndex(v = 1),org.jetbrains.kotlin.idea.vfilefinder.KlibMetaFileIndex(v = 4),com.android.tools.idea.model.AndroidManifestIndex$Companion$NAME$1.NAME(v = 10),BindingXmlIndex(v = 8),MlModelFileIndex(v = 4),NavXmlIndex(v = 4) 
2021-05-08 17:12:43,876 [ 145435]   INFO - leBasedIndexDataInitialization - Index data initialization done: 16491 ms. Initialized indexes: [FilenameIndex, TodoIndex, filetypes, IdIndex, Trigram.Index, fileIncludes, DomFileIndex, RelaxSymbolIndex, XmlTagNames, XmlNamespaces, html5.custom.attributes.index, SchemaTypeInheritance, json.file.root.values, XsltSymbolIndex, xmlProperties, editorconfig.index.name, yaml.keys.name, bytecodeAnalysis, java.auto.module.name, java.source.module.name, FrameworkDetectionIndex, java.null.method.argument, java.fun.expression, java.binary.plus.expression, ant-imports, com.intellij.uiDesigner.FormClassIndex, LombokConfigIndex, JavaFxControllerClassIndex, javafx.id.name, javafx.custom.component, groovy.trait.fields, groovy.trait.methods, IdeaPluginRegistrationIndex, PluginIdModuleIndex, PluginIdDependenciesIndex, devkit.ExtensionPointIndex, devkit.ExtensionPointClassIndex, org.jetbrains.kotlin.idea.versions.KotlinJsMetadataVersionIndex, org.jetbrains.kotlin.idea.versions.KotlinJvmMetadataVersionIndex, org.jetbrains.kotlin.idea.vfilefinder.KotlinClassFileIndex, org.jetbrains.kotlin.idea.vfilefinder.KotlinJavaScriptMetaFileIndex, org.jetbrains.kotlin.idea.vfilefinder.KotlinMetadataFileIndex, org.jetbrains.kotlin.idea.vfilefinder.KotlinMetadataFilePackageIndex, org.jetbrains.kotlin.idea.vfilefinder.KotlinModuleMappingIndex, org.jetbrains.kotlin.idea.vfilefinder.KotlinPackageSourcesMemberNamesIndex, org.jetbrains.kotlin.idea.vfilefinder.KlibMetaFileIndex, org.jetbrains.kotlin.idea.vfilefinder.KotlinJvmModuleAnnotationsIndex, BindingXmlIndex, com.android.tools.idea.model.AndroidManifestIndex$Companion$NAME$1.NAME, MlModelFileIndex, NavXmlIndex, Stubs]. 
2021-05-08 17:12:44,547 [ 146106]   INFO - tellij.psi.stubs.StubIndexImpl - Following stub indices will be built:org.jetbrains.kotlin.idea.stubindex.KotlinExtensionsInObjectsByReceiverTypeIndex(v = 2),org.jetbrains.kotlin.idea.stubindex.KotlinAnnotationsIndex(v = 3),org.jetbrains.kotlin.idea.stubindex.KotlinProbablyNothingFunctionShortNameIndex(v = 2),org.jetbrains.kotlin.idea.stubindex.KotlinProbablyNothingPropertyShortNameIndex(v = 2),org.jetbrains.kotlin.idea.stubindex.KotlinProbablyContractedFunctionShortNameIndex(v = 2),org.jetbrains.kotlin.idea.stubindex.KotlinFileFacadeFqNameIndex(v = 2),org.jetbrains.kotlin.idea.stubindex.KotlinFilePartClassIndex(v = 2),org.jetbrains.kotlin.idea.stubindex.KotlinFileFacadeClassByPackageIndex(v = 2),org.jetbrains.kotlin.idea.stubindex.KotlinFileFacadeShortNameIndex(v = 2),org.jetbrains.kotlin.idea.stubindex.KotlinMultifileClassPartIndex(v = 2),org.jetbrains.kotlin.idea.stubindex.KotlinScriptFqnIndex(v = 2),org.jetbrains.kotlin.idea.stubindex.KotlinTypeAliasByExpansionShortNameIndex(v = 2),org.jetbrains.kotlin.idea.stubindex.KotlinOverridableInternalMembersShortNameIndex(v = 2),markdown.header(v = 2),java.annotations(v = 2),java.class.extlist(v = 3),java.field.name(v = 2),java.method.name(v = 2),jvm.static.member.name(v = 2),jvm.static.member.type(v = 2),java.anonymous.baseref(v = 2),java.method.parameter.types(v = 3),java.class.shortname(v = 4),java.class.fqn(v = 1),java.module.name(v = 4),dom.namespaceKey(v = 1),dom.elementClass(v = 0),properties.index(v = 2),gr.class.fqn(v = 1),gr.script.fqn(v = 2),gr.field.name(v = 2),gr.method.name(v = 2),gr.annot.method.name(v = 2),gr.annot.members(v = 2),gr.script.class(v = 2),gr.class.super(v = 2),gr.anonymous.class(v = 3),org.jetbrains.kotlin.idea.stubindex.KotlinExactPackagesIndex(v = 2),org.jetbrains.kotlin.idea.stubindex.KotlinTopLevelClassByPackageIndex(v = 2),org.jetbrains.kotlin.idea.stubindex.KotlinTopLevelFunctionByPackageIndex(v = 2),org.jetbrains.kotlin.idea.stubindex.KotlinTopLevelPropertyByPackageIndex(v = 2),org.jetbrains.kotlin.idea.stubindex.KotlinTopLevelTypeAliasByPackageIndex(v = 2),org.jetbrains.kotlin.idea.stubindex.KotlinClassShortNameIndex(v = 2),org.jetbrains.kotlin.idea.stubindex.KotlinFullClassNameIndex(v = 2),org.jetbrains.kotlin.idea.stubindex.KotlinPropertyShortNameIndex(v = 2),org.jetbrains.kotlin.idea.stubindex.KotlinFunctionShortNameIndex(v = 2),org.jetbrains.kotlin.idea.stubindex.KotlinTypeAliasShortNameIndex(v = 2),org.jetbrains.kotlin.idea.stubindex.KotlinSuperClassIndex(v = 2),org.jetbrains.kotlin.idea.stubindex.KotlinTopLevelFunctionFqnNameIndex(v = 2),org.jetbrains.kotlin.idea.stubindex.KotlinTopLevelPropertyFqnNameIndex(v = 2),org.jetbrains.kotlin.idea.stubindex.KotlinTopLevelTypeAliasFqNameIndex(v = 2),org.jetbrains.kotlin.idea.stubindex.KotlinTopLevelExtensionsByReceiverTypeIndex(v = 3) 
2021-05-08 17:12:44,548 [ 146107]   INFO - exImpl$StubIndexInitialization - Index data initialization done: 671 ms. Initialized stub indexes: {org.jetbrains.kotlin.idea.stubindex.KotlinProbablyContractedFunctionShortNameIndex, gr.method.name, org.jetbrains.kotlin.idea.stubindex.KotlinOverridableInternalMembersShortNameIndex, org.jetbrains.kotlin.idea.stubindex.KotlinTopLevelPropertyByPackageIndex, org.jetbrains.kotlin.idea.stubindex.KotlinTopLevelFunctionByPackageIndex, markdown.header, org.jetbrains.kotlin.idea.stubindex.KotlinTypeAliasByExpansionShortNameIndex, gr.annot.method.name, java.class.shortname, java.anonymous.baseref, java.method.parameter.types, gr.field.name, jvm.static.member.type, org.jetbrains.kotlin.idea.stubindex.KotlinFilePartClassIndex, org.jetbrains.kotlin.idea.stubindex.KotlinScriptFqnIndex, gr.annot.members, java.annotations, org.jetbrains.kotlin.idea.stubindex.KotlinTypeAliasShortNameIndex, org.jetbrains.kotlin.idea.stubindex.KotlinProbablyNothingFunctionShortNameIndex, org.jetbrains.kotlin.idea.stubindex.KotlinTopLevelTypeAliasByPackageIndex, org.jetbrains.kotlin.idea.stubindex.KotlinTopLevelClassByPackageIndex, org.jetbrains.kotlin.idea.stubindex.KotlinExactPackagesIndex, org.jetbrains.kotlin.idea.stubindex.KotlinClassShortNameIndex, org.jetbrains.kotlin.idea.stubindex.KotlinFileFacadeFqNameIndex, org.jetbrains.kotlin.idea.stubindex.KotlinFileFacadeClassByPackageIndex, org.jetbrains.kotlin.idea.stubindex.KotlinAnnotationsIndex, org.jetbrains.kotlin.idea.stubindex.KotlinFunctionShortNameIndex, org.jetbrains.kotlin.idea.stubindex.KotlinProbablyNothingPropertyShortNameIndex, org.jetbrains.kotlin.idea.stubindex.KotlinTopLevelExtensionsByReceiverTypeIndex, org.jetbrains.kotlin.idea.stubindex.KotlinTopLevelPropertyFqnNameIndex, org.jetbrains.kotlin.idea.stubindex.KotlinSuperClassIndex, org.jetbrains.kotlin.idea.stubindex.KotlinTopLevelTypeAliasFqNameIndex, org.jetbrains.kotlin.idea.stubindex.KotlinTopLevelFunctionFqnNameIndex, properties.index, org.jetbrains.kotlin.idea.stubindex.KotlinExtensionsInObjectsByReceiverTypeIndex, gr.class.super, org.jetbrains.kotlin.idea.stubindex.KotlinPropertyShortNameIndex, org.jetbrains.kotlin.idea.stubindex.KotlinFullClassNameIndex, gr.anonymous.class, org.jetbrains.kotlin.idea.stubindex.KotlinMultifileClassPartIndex, org.jetbrains.kotlin.idea.stubindex.KotlinFileFacadeShortNameIndex, dom.elementClass, java.class.extlist, gr.script.class, java.module.name, java.class.fqn, gr.script.fqn, java.field.name, gr.class.fqn, java.method.name, jvm.static.member.name, dom.namespaceKey}. 
2021-05-08 17:12:44,621 [ 146180]   INFO - dea.updater.SdkComponentSource - File /home/donaldo/.android/repositories.cfg could not be loaded. 
2021-05-08 17:12:44,639 [ 146198]   INFO - dea.updater.SdkComponentSource - Downloading https://dl.google.com/android/repository/addons_list-3.xml 
2021-05-08 17:12:45,334 [ 146893]   INFO - dea.updater.SdkComponentSource - Downloading https://dl.google.com/android/repository/sys-img/android/sys-img2-1.xml 
2021-05-08 17:12:45,363 [ 146922]   INFO - dea.updater.SdkComponentSource - Downloading https://dl.google.com/android/repository/sys-img/android-wear-cn/sys-img2-1.xml 
2021-05-08 17:12:45,363 [ 146922]   INFO - dea.updater.SdkComponentSource - Downloading https://dl.google.com/android/repository/sys-img/google-tv/sys-img2-1.xml 
2021-05-08 17:12:45,387 [ 146946]   INFO - dea.updater.SdkComponentSource - Downloading https://dl.google.com/android/repository/sys-img/android-tv/sys-img2-1.xml 
2021-05-08 17:12:45,388 [ 146947]   INFO - dea.updater.SdkComponentSource - Downloading https://dl.google.com/android/repository/sys-img/google_apis_playstore/sys-img2-1.xml 
2021-05-08 17:12:45,361 [ 146920]   INFO - dea.updater.SdkComponentSource - Downloading https://dl.google.com/android/repository/sys-img/android-wear/sys-img2-1.xml 
2021-05-08 17:12:45,389 [ 146948]   INFO - dea.updater.SdkComponentSource - Downloading https://dl.google.com/android/repository/addon2-1.xml 
2021-05-08 17:12:45,361 [ 146920]   INFO - dea.updater.SdkComponentSource - Downloading https://dl.google.com/android/repository/sys-img/android-automotive/sys-img2-1.xml 
2021-05-08 17:12:45,390 [ 146949]   INFO - dea.updater.SdkComponentSource - Downloading https://dl.google.com/android/repository/glass/addon2-1.xml 
2021-05-08 17:12:45,390 [ 146949]   INFO - dea.updater.SdkComponentSource - Downloading https://dl.google.com/android/repository/sys-img/google_apis/sys-img2-1.xml 
2021-05-08 17:12:45,390 [ 146949]   INFO - dea.updater.SdkComponentSource - Downloading https://dl.google.com/android/repository/extras/intel/addon2-1.xml 
2021-05-08 17:12:45,395 [ 146954]   INFO - dea.updater.SdkComponentSource - Downloading https://dl.google.com/android/repository/repository2-1.xml 
2021-05-08 17:15:33,836 [ 315395]   INFO - ication.options.PathMacrosImpl - Saved path macros: {MAVEN_REPOSITORY=/home/donaldo/.m2/repository, KOTLIN_BUNDLED=/home/donaldo/.gradle/caches/modules-2/files-2.1/com.jetbrains.intellij.idea/ideaIC/2021.1/a810cecccb23abd2dbe737c1353af97b9a2ecb7f/ideaIC-2021.1/plugins/Kotlin/kotlinc} 
2021-05-08 17:15:33,837 [ 315396]   WARN - com.intellij.util.xmlb.Binding - no accessors for com.intellij.openapi.updateSettings.impl.pluginsAdvertisement.PluginAdvertiserExtensionsStateService$State 
2021-05-08 17:15:33,896 [ 315455]   INFO - rationStore.ComponentStoreImpl - Saving appCodeInsightSettings took 19 ms, EditorColorsManagerImpl took 14 ms, EditorSettings took 25 ms, FileTypeManager took 48 ms, HttpConfigurable took 14 ms, XDebuggerSettings took 48 ms 
2021-05-08 17:15:34,659 [ 316218]   INFO - pl.local.NativeFileWatcherImpl - Watcher terminated with exit code 0 
2021-05-08 17:15:34,660 [ 316219]   INFO - .impl.FileTypeDetectionService - 0 auto-detected files. Detection took 0 ms 
2021-05-08 17:15:34,676 [ 316235]   INFO - org.jetbrains.io.BuiltInServer - web server stopped 
2021-05-08 17:15:34,759 [ 316318]   INFO - il.indexing.FileBasedIndexImpl - START INDEX SHUTDOWN 
2021-05-08 17:15:34,888 [ 316447]   INFO - tellij.psi.stubs.StubIndexImpl - StubIndexExtension-s were unloaded 
2021-05-08 17:15:34,954 [ 316513]   INFO - il.indexing.FileBasedIndexImpl - END INDEX SHUTDOWN 
2021-05-08 17:15:34,954 [ 316513]   INFO - newvfs.persistent.PersistentFS - VFS dispose started 
2021-05-08 17:15:34,955 [ 316514]   INFO - newvfs.persistent.PersistentFS - VFS dispose completed 
2021-05-08 17:15:34,955 [ 316514]   INFO - stubs.SerializationManagerImpl - Start shutting down /home/donaldo/IdeaProjects/Custom Language/build/idea-sandbox/system/index/rep.names 
2021-05-08 17:15:34,956 [ 316515]   INFO - stubs.SerializationManagerImpl - Finished shutting down /home/donaldo/IdeaProjects/Custom Language/build/idea-sandbox/system/index/rep.names 
2021-05-08 17:15:34,958 [ 316517]   INFO -        #com.intellij.idea.Main - ------------------------------------------------------ IDE SHUTDOWN ------------------------------------------------------ 
2021-05-08 17:15:34,976 [ 316535]   INFO - org.jetbrains.io.BuiltInServer - web server stopped 
2021-05-08 17:21:51,077 [      0]   INFO -        #com.intellij.idea.Main - ------------------------------------------------------ IDE STARTED ------------------------------------------------------ 
2021-05-08 17:21:51,351 [    274]   INFO - llij.ide.gdpr.EndUserAgreement - euaCommunity: /home/donaldo/.local/share/JetBrains/PrivacyPolicy/euaCommunity.cached 
2021-05-08 17:21:51,546 [    469]   INFO -        #com.intellij.idea.Main - IDE: IntelliJ IDEA (build #IC-211.6693.111, 06 Apr 2021 13:11) 
2021-05-08 17:21:51,548 [    471]   INFO -        #com.intellij.idea.Main - OS: Linux (4.19.0-16-amd64, amd64) 
2021-05-08 17:21:51,665 [    588]   INFO -        #com.intellij.idea.Main - JRE: 11.0.10+9-b1341.35 (JetBrains s.r.o.) 
2021-05-08 17:21:51,665 [    588]   INFO -        #com.intellij.idea.Main - JVM: 11.0.10+9-b1341.35 (OpenJDK 64-Bit Server VM) 
2021-05-08 17:21:51,668 [    591]   INFO -        #com.intellij.idea.Main - JVM Args: -Didea.auto.reload.plugins=true -Didea.classpath.index.enabled=false -Didea.config.path=/home/donaldo/IdeaProjects/Custom Language/build/idea-sandbox/config -Didea.is.internal=true -Didea.platform.prefix=Idea -Didea.plugins.path=/home/donaldo/IdeaProjects/Custom Language/build/idea-sandbox/plugins -Didea.required.plugins.id=jetbrains.language.Custom Language -Didea.system.path=/home/donaldo/IdeaProjects/Custom Language/build/idea-sandbox/system -Dsun.awt.disablegrab=true -Xms256m -Xmx512m -Dfile.encoding=UTF-8 -Duser.country=US -Duser.language=en -Duser.variant -ea 
2021-05-08 17:21:51,670 [    593]   INFO -        #com.intellij.idea.Main - library path: /usr/java/packages/lib:/usr/lib64:/lib64:/lib:/usr/lib 
2021-05-08 17:21:51,670 [    593]   INFO -        #com.intellij.idea.Main - boot library path: /home/donaldo/.gradle/caches/modules-2/files-2.1/com.jetbrains/jbre/jbr_jcef-11_0_10-linux-x64-b1341.35/jbr/lib 
2021-05-08 17:21:51,811 [    734]   INFO -        #com.intellij.idea.Main - locale=en_US JNU=UTF-8 file.encoding=UTF-8
  idea.config.path=/home/donaldo/IdeaProjects/Custom Language/build/idea-sandbox/config
  idea.system.path=/home/donaldo/IdeaProjects/Custom Language/build/idea-sandbox/system
  idea.plugins.path=/home/donaldo/IdeaProjects/Custom Language/build/idea-sandbox/plugins
  idea.log.path=/home/donaldo/IdeaProjects/Custom Language/build/idea-sandbox/system/log 
2021-05-08 17:21:52,278 [   1201]   INFO -        #com.intellij.idea.Main - JNA library (64-bit) loaded in 400 ms 
2021-05-08 17:21:53,891 [   2814]   INFO - llij.ide.plugins.PluginManager - Plugin PluginDescriptor(name=Groovy, id=org.intellij.groovy, descriptorPath=plugin.xml, path=~/.gradle/caches/modules-2/files-2.1/com.jetbrains.intellij.idea/ideaIC/2021.1/a810cecccb23abd2dbe737c1353af97b9a2ecb7f/ideaIC-2021.1/plugins/Groovy, version=211.6693.111, package=org.jetbrains.plugins.groovy) misses optional descriptor duplicates-groovy.xml 
2021-05-08 17:21:53,892 [   2815]   INFO - llij.ide.plugins.PluginManager - Plugin PluginDescriptor(name=Groovy, id=org.intellij.groovy, descriptorPath=plugin.xml, path=~/.gradle/caches/modules-2/files-2.1/com.jetbrains.intellij.idea/ideaIC/2021.1/a810cecccb23abd2dbe737c1353af97b9a2ecb7f/ideaIC-2021.1/plugins/Groovy, version=211.6693.111, package=org.jetbrains.plugins.groovy) misses optional descriptor duplicates-detection-groovy.xml 
2021-05-08 17:21:55,874 [   4797]   INFO - llij.ide.plugins.PluginManager - Plugin PluginDescriptor(name=Java, id=com.intellij.java, descriptorPath=plugin.xml, path=~/.gradle/caches/modules-2/files-2.1/com.jetbrains.intellij.idea/ideaIC/2021.1/a810cecccb23abd2dbe737c1353af97b9a2ecb7f/ideaIC-2021.1/plugins/java, version=211.6693.111, package=null) misses optional descriptor profiler-java.xml 
2021-05-08 17:21:57,741 [   6664]   INFO -                         STDERR - May 08, 2021 5:21:57 PM java.util.prefs.FileSystemPreferences$6 run 
2021-05-08 17:21:57,741 [   6664]   INFO -                         STDERR - WARNING: Prefs file removed in background /home/donaldo/.java/.userPrefs/jetbrains/jetprofile/asset/prefs.xml 
2021-05-08 17:21:57,848 [   6771]   INFO - llij.ide.plugins.PluginManager - Loaded bundled plugins: IDEA CORE (211.6693.111), Dependency Management Api for External Build Tools (211.6693.111), com.intellij.platform.images (211.6693.111), JetBrains maven model api classes (211.6693.111), JetBrains Repository Search (211.6693.111), Perforce Helix Core (211.6693.111), Subversion (211.6693.111), XPathView + XSLT (211.6693.111), XSLT Debugger (211.6693.111), Smali Support (211.6693.111), Machine Learning Code Completion (211.6693.111), Configuration Script (211.6693.111), Copyright (211.6693.111), macOS Light Theme (211.6693.111), Windows 10 Light Theme (211.6693.111), JetBrains Marketplace (211.6693.111), Properties (211.6693.111), Gradle (211.6693.111), Resource Bundle Editor (211.6693.111), Mercurial (211.6693.111), WebP Support (211.6693.111), EditorConfig (211.6693.111), Emoji Picker (211.6693.111), Terminal (211.6693.111), Git (211.6693.111), ChangeReminder (211.6693.111), Shell Script (211.6693.111), TextMate Bundles (211.6693.111), YAML (211.6693.111), Settings Repository (211.6693.111), IDE Features Trainer (211.6693.111), Java (211.6693.111), Ant (211.6693.111), Bytecode Viewer (211.6693.111), JUnit (211.6693.111), Lombok (211.6693.111), Shared Indexes (211.6693.111), Java Internationalization (211.6693.111), UI Designer (211.6693.111), Java IDE Customization (211.6693.111), Java Stream Debugger (211.6693.111), Eclipse Interoperability (211.6693.111), Java Bytecode Decompiler (211.6693.111), JavaFX (211.6693.111), Task Management (211.6693.111), GitHub (211.6693.111), Code With Me (211.6693.111), Next File Prediction (211.6693.111), IntelliLang (211.6693.111), TestNG (211.6693.111), Code Coverage for Java (211.6693.111), Groovy (211.6693.111), Maven (211.6693.111), Gradle-Java (211.6693.111), Plugin DevKit (211.6693.111), Gradle-Maven (211.6693.111), Kotlin (211-1.4.32-release-IJ6693.72), Space (211.6693.111), Gradle DSL API (211.6693.111), Android (10.4.1.1.211.6693.111), Gradle Dependency Updater Implementation (211.6693.111), Markdown (211.6693.111), Grazie (211.6693.111) 
2021-05-08 17:21:57,848 [   6771]   INFO - llij.ide.plugins.PluginManager - Loaded custom plugins: TTML (1.0-SNAPSHOT) 
2021-05-08 17:22:23,705 [  32628]   INFO - ntellij.idea.ApplicationLoader - CPU cores: 4; ForkJoinPool.commonPool: java.util.concurrent.ForkJoinPool@5dfa5347[Running, parallelism = 3, size = 0, active = 0, running = 0, steals = 0, tasks = 0, submissions = 0]; factory: com.intellij.concurrency.IdeaForkJoinWorkerThreadFactory@18216796 
2021-05-08 17:22:23,952 [  32875]   INFO - ntellij.idea.ApplicationLoader - WM detected: KWin 
2021-05-08 17:22:27,528 [  36451]   INFO - intellij.diagnostic.JitWatcher - JIT compilation state checking enabled 
2021-05-08 17:22:27,785 [  36708]   INFO - m.intellij.util.io.StorageLock - lower=100; upper=492; buffer=10; max=492 
2021-05-08 17:22:28,225 [  37148]   INFO - tellij.util.io.FileChannelUtil - uninterruptible FileChannels will be used for indexes 
2021-05-08 17:22:28,925 [  37848]   INFO - til.net.ssl.CertificateManager - Default SSL context initialized 
2021-05-08 17:22:34,380 [  43303]   INFO - ication.options.PathMacrosImpl - Loaded path macros: {MAVEN_REPOSITORY=/home/donaldo/.m2/repository, KOTLIN_BUNDLED=/home/donaldo/.gradle/caches/modules-2/files-2.1/com.jetbrains.intellij.idea/ideaIC/2021.1/a810cecccb23abd2dbe737c1353af97b9a2ecb7f/ideaIC-2021.1/plugins/Kotlin/kotlinc} 
2021-05-08 17:22:36,881 [  45804]   WARN - j.internal.DebugAttachDetector - Unable to start DebugAttachDetector, please add `--add-exports java.base/jdk.internal.vm=ALL-UNNAMED` to VM options 
2021-05-08 17:22:37,972 [  46895]   INFO - rains.ide.BuiltInServerManager - built-in server started, port 63343 
2021-05-08 17:22:42,556 [  51479]   INFO - gs.impl.UpdateCheckerComponent - channel: release 
2021-05-08 17:22:43,132 [  52055]   INFO - pl.local.NativeFileWatcherImpl - Starting file watcher: /home/donaldo/.gradle/caches/modules-2/files-2.1/com.jetbrains.intellij.idea/ideaIC/2021.1/a810cecccb23abd2dbe737c1353af97b9a2ecb7f/ideaIC-2021.1/bin/linux/fsnotifier64 
2021-05-08 17:22:43,859 [  52782]   INFO - pl.local.NativeFileWatcherImpl - Native file watcher is operational. 
2021-05-08 17:22:44,300 [  53223]   INFO - penapi.application.Experiments - Experimental features enabled for user: wsl.p9.support, wsl.prefer.p9.support, wsl.p9.show.roots.in.file.chooser, wsl.execute.with.wsl.exe, inline.browse.button, linux.native.menu, recent.and.edited.files.together, show.create.new.element.in.popup, search.everywhere.mixed.results, i18n.match.actions, editor.reader.mode, edit.run.configurations.while.dumb, new.large.text.file.viewer, terminal.shell.command.handling, property.value.inplace.editing 
2021-05-08 17:22:50,851 [  59774]   INFO - impl.SharedIndexMainZipStorage - Shared Indexes Storage is opened: <empty>, chunks: [] 
2021-05-08 17:22:54,446 [  63369]   INFO - penapi.wm.impl.GlobalMenuLinux - can't start main loop via JavaFX (will run it manually): com.sun.javafx.application.PlatformImpl 
2021-05-08 17:23:13,675 [  82598]   INFO - leBasedIndexDataInitialization - Index data initialization done: 32140 ms. Initialized indexes: [FilenameIndex, TodoIndex, filetypes, IdIndex, FrameworkDetectionIndex, Trigram.Index, DomFileIndex, fileIncludes, RelaxSymbolIndex, XmlTagNames, XmlNamespaces, html5.custom.attributes.index, SchemaTypeInheritance, json.file.root.values, XsltSymbolIndex, xmlProperties, editorconfig.index.name, yaml.keys.name, java.auto.module.name, bytecodeAnalysis, java.source.module.name, java.fun.expression, java.null.method.argument, Stubs, ant-imports, java.binary.plus.expression, JavaFxControllerClassIndex, com.intellij.uiDesigner.FormClassIndex, LombokConfigIndex, javafx.id.name, groovy.trait.fields, javafx.custom.component, groovy.trait.methods, IdeaPluginRegistrationIndex, PluginIdModuleIndex, PluginIdDependenciesIndex, devkit.ExtensionPointIndex, devkit.ExtensionPointClassIndex, org.jetbrains.kotlin.idea.versions.KotlinJsMetadataVersionIndex, org.jetbrains.kotlin.idea.versions.KotlinJvmMetadataVersionIndex, org.jetbrains.kotlin.idea.vfilefinder.KotlinClassFileIndex, org.jetbrains.kotlin.idea.vfilefinder.KotlinJavaScriptMetaFileIndex, org.jetbrains.kotlin.idea.vfilefinder.KotlinMetadataFileIndex, org.jetbrains.kotlin.idea.vfilefinder.KotlinMetadataFilePackageIndex, org.jetbrains.kotlin.idea.vfilefinder.KotlinModuleMappingIndex, org.jetbrains.kotlin.idea.vfilefinder.KotlinPackageSourcesMemberNamesIndex, org.jetbrains.kotlin.idea.vfilefinder.KotlinJvmModuleAnnotationsIndex, org.jetbrains.kotlin.idea.vfilefinder.KlibMetaFileIndex, BindingXmlIndex, com.android.tools.idea.model.AndroidManifestIndex$Companion$NAME$1.NAME, MlModelFileIndex, NavXmlIndex]. 
2021-05-08 17:23:17,155 [  86078]   INFO - exImpl$StubIndexInitialization - Index data initialization done: 3479 ms. Initialized stub indexes: {org.jetbrains.kotlin.idea.stubindex.KotlinProbablyContractedFunctionShortNameIndex, gr.method.name, org.jetbrains.kotlin.idea.stubindex.KotlinOverridableInternalMembersShortNameIndex, org.jetbrains.kotlin.idea.stubindex.KotlinTopLevelPropertyByPackageIndex, org.jetbrains.kotlin.idea.stubindex.KotlinTopLevelFunctionByPackageIndex, org.jetbrains.kotlin.idea.stubindex.KotlinTypeAliasByExpansionShortNameIndex, markdown.header, gr.annot.method.name, java.class.shortname, java.anonymous.baseref, java.method.parameter.types, gr.field.name, jvm.static.member.type, org.jetbrains.kotlin.idea.stubindex.KotlinFilePartClassIndex, org.jetbrains.kotlin.idea.stubindex.KotlinScriptFqnIndex, gr.annot.members, java.annotations, org.jetbrains.kotlin.idea.stubindex.KotlinTypeAliasShortNameIndex, org.jetbrains.kotlin.idea.stubindex.KotlinProbablyNothingFunctionShortNameIndex, org.jetbrains.kotlin.idea.stubindex.KotlinTopLevelTypeAliasByPackageIndex, org.jetbrains.kotlin.idea.stubindex.KotlinTopLevelClassByPackageIndex, org.jetbrains.kotlin.idea.stubindex.KotlinExactPackagesIndex, org.jetbrains.kotlin.idea.stubindex.KotlinClassShortNameIndex, org.jetbrains.kotlin.idea.stubindex.KotlinFileFacadeFqNameIndex, org.jetbrains.kotlin.idea.stubindex.KotlinFileFacadeClassByPackageIndex, org.jetbrains.kotlin.idea.stubindex.KotlinAnnotationsIndex, org.jetbrains.kotlin.idea.stubindex.KotlinFunctionShortNameIndex, org.jetbrains.kotlin.idea.stubindex.KotlinProbablyNothingPropertyShortNameIndex, org.jetbrains.kotlin.idea.stubindex.KotlinTopLevelFunctionFqnNameIndex, org.jetbrains.kotlin.idea.stubindex.KotlinTopLevelPropertyFqnNameIndex, org.jetbrains.kotlin.idea.stubindex.KotlinSuperClassIndex, org.jetbrains.kotlin.idea.stubindex.KotlinTopLevelTypeAliasFqNameIndex, org.jetbrains.kotlin.idea.stubindex.KotlinTopLevelExtensionsByReceiverTypeIndex, properties.index, org.jetbrains.kotlin.idea.stubindex.KotlinExtensionsInObjectsByReceiverTypeIndex, gr.class.super, org.jetbrains.kotlin.idea.stubindex.KotlinPropertyShortNameIndex, org.jetbrains.kotlin.idea.stubindex.KotlinFullClassNameIndex, gr.anonymous.class, org.jetbrains.kotlin.idea.stubindex.KotlinMultifileClassPartIndex, org.jetbrains.kotlin.idea.stubindex.KotlinFileFacadeShortNameIndex, dom.elementClass, java.class.extlist, gr.script.class, java.module.name, java.class.fqn, gr.script.fqn, java.field.name, gr.class.fqn, java.method.name, jvm.static.member.name, dom.namespaceKey}. 
2021-05-08 17:23:26,573 [  95496]   WARN - .diagnostic.PerformanceWatcher - UI was frozen for 44866ms, details saved to /home/donaldo/IdeaProjects/Custom Language/build/idea-sandbox/system/log/threadDumps-freeze-20210508-172246-IC-211.6693.111-44sec 
2021-05-08 17:23:29,130 [  98053]   INFO - plication.impl.ApplicationImpl - LONG VFS PROCESSING. Topic=BulkFileListener, offender=class com.intellij.lang.PerFileMappingsBase$1, message=before, time=85ms 
2021-05-08 17:23:34,934 [ 103857]   INFO - plication.impl.ApplicationImpl - LONG VFS PROCESSING. Topic=BulkFileListener, offender=class de.plushnikov.intellij.plugin.lombokconfig.LombokConfigChangeListener, message=before, time=5771ms 
2021-05-08 17:23:35,027 [ 103950]   INFO - plication.impl.ApplicationImpl - LONG VFS PROCESSING. Topic=BulkFileListener, offender=class com.intellij.util.indexing.LightDirectoryIndex$2, message=after, time=64ms 
2021-05-08 17:23:35,285 [ 104208]   WARN - napi.vfs.newvfs.RefreshSession - Long VFS change processing (6709ms, 6 events): [Compound VfsEvent[deleted: file:///home/donaldo/IdeaProjects/Custom Language/build/idea-sandbox/plugins/brokenPlugins.json.etag], Compound VfsEvent[deleted: file:///home/donaldo/IdeaProjects/Custom Language/build/idea-sandbox/plugins/pluginsXMLIds.json.etag], Compound VfsEvent[deleted: file:///home/donaldo/IdeaProjects/Custom Language/build/idea-sandbox/plugins/brokenPlugins.json], Compound VfsEvent[deleted: file:///home/donaldo/IdeaProjects/Custom Language/build/idea-sandbox/plugins/meta], Compound VfsEvent[deleted: file:///home/donaldo/IdeaProjects/Custom Language/build/idea-sandbox/plugins/pluginsXMLIds.json], Compound VfsEvent[update: /home/donaldo/IdeaProjects/Custom Language/build/idea-sandbox/plugins/Custom Language/lib/Custom Language-1.0-SNAPSHOT.jar, oldTimestamp:1620482946060, newTimestamp:1620483708329, oldModificationStamp:0, newModificationStamp:1, oldLength:8825, newLength:9500]] 
2021-05-08 17:23:35,291 [ 104214]   WARN - .diagnostic.PerformanceWatcher - UI was frozen for 7061ms, details saved to /home/donaldo/IdeaProjects/Custom Language/build/idea-sandbox/system/log/threadDumps-freeze-20210508-172333-IC-211.6693.111-7sec 
2021-05-08 17:23:42,204 [ 111127]   INFO - erver.followMe.FollowMeManager - Register new user 0:'donaldo' with ClientId=ClientId(value=Host) 
2021-05-08 17:23:56,513 [ 125436]   WARN - com.intellij.util.xmlb.Binding - no accessors for com.intellij.openapi.updateSettings.impl.pluginsAdvertisement.PluginAdvertiserExtensionsStateService$State 
2021-05-08 17:23:56,572 [ 125495]   INFO - rationStore.ComponentStoreImpl - Saving appCodeInsightSettings took 124 ms, DaemonCodeAnalyzerSettings took 110 ms, FileTypeManager took 25 ms, HttpConfigurable took 477 ms, NotRoamableUiSettings took 104 ms, TextMateSettings took 35 ms 
2021-05-08 17:23:57,105 [ 126028]   INFO - pl.local.NativeFileWatcherImpl - Watcher terminated with exit code 0 
2021-05-08 17:23:57,106 [ 126029]   INFO - .impl.FileTypeDetectionService - 2 auto-detected files. Detection took 243 ms 
2021-05-08 17:23:57,117 [ 126040]   INFO - org.jetbrains.io.BuiltInServer - web server stopped 
2021-05-08 17:23:57,240 [ 126163]   INFO - erver.followMe.FollowMeManager - Unregister user 0:'donaldo' with ClientId=ClientId(value=Host) 
2021-05-08 17:23:57,376 [ 126299]   INFO - il.indexing.FileBasedIndexImpl - START INDEX SHUTDOWN 
2021-05-08 17:23:57,554 [ 126477]   INFO - tellij.psi.stubs.StubIndexImpl - StubIndexExtension-s were unloaded 
2021-05-08 17:23:57,564 [ 126487]   INFO - il.indexing.FileBasedIndexImpl - END INDEX SHUTDOWN 
2021-05-08 17:23:57,564 [ 126487]   INFO - newvfs.persistent.PersistentFS - VFS dispose started 
2021-05-08 17:23:57,565 [ 126488]   INFO - newvfs.persistent.PersistentFS - VFS dispose completed 
2021-05-08 17:23:57,566 [ 126489]   INFO - stubs.SerializationManagerImpl - Start shutting down /home/donaldo/IdeaProjects/Custom Language/build/idea-sandbox/system/index/rep.names 
2021-05-08 17:23:57,566 [ 126489]   INFO - stubs.SerializationManagerImpl - Finished shutting down /home/donaldo/IdeaProjects/Custom Language/build/idea-sandbox/system/index/rep.names 
2021-05-08 17:23:57,571 [ 126494]   INFO -        #com.intellij.idea.Main - ------------------------------------------------------ IDE SHUTDOWN ------------------------------------------------------ 
2021-05-08 17:23:57,613 [ 126536]   INFO - org.jetbrains.io.BuiltInServer - web server stopped 
